[2025-12-27T14:25:43.923677700] [INFO] [DAO] Data loaded successfully.
[2025-12-27T14:25:53.183626600] [INFO] [DAO] Data loaded successfully.
[2025-12-27T14:32:50.844809] [INFO] [DAO] Data loaded successfully.
[2025-12-27T14:32:59.468136300] [INFO] [DAO] Data loaded successfully.
[2025-12-27T14:33:10.454410] [INFO] System shutting down, data persisted.
[2025-12-27T14:48:09.251007900] [INFO] [DAO] Data loaded successfully.
[2025-12-27T14:48:18.780946100] [INFO] [DAO] Data loaded successfully.
[2025-12-27T14:56:08.548256] [INFO] [DAO] Data loaded successfully.
[2025-12-27T14:56:16.296196300] [INFO] [DAO] Data loaded successfully.
[2025-12-27T15:00:25.772106500] [INFO] [DAO] Data loaded successfully.
[2025-12-27T15:00:35.249852] [INFO] [DAO] Data loaded successfully.
[2025-12-27T15:03:15.877645900] [INFO] System shutting down, data persisted.
[2025-12-27T15:08:00.588372300] [INFO] [DAO] Data loaded successfully.
[2025-12-27T15:10:56.333235] [INFO] [DAO] Data loaded successfully.
[2025-12-27T15:11:08.029978] [INFO] System shutting down, data persisted.
[2025-12-27T15:11:17.522576300] [INFO] [DAO] Data loaded successfully.
[2025-12-27T15:11:27.015119500] [INFO] [DAO] Data loaded successfully.
[2025-12-27T15:11:37.477751200] [INFO] System shutting down, data persisted.
[2025-12-27T15:11:49.174068200] [INFO] [DAO] Data loaded successfully.
[2025-12-27T15:12:24.298261] [INFO] [DAO] Data loaded successfully.
[2025-12-27T15:23:40.094839900] [INFO] [DAO] Data loaded successfully.
[2025-12-27T15:23:49.644993500] [INFO] [DAO] Data loaded successfully.
[2025-12-27T15:24:12.606734200] [INFO] System shutting down, data persisted.
[2025-12-27T15:34:36.338050] [INFO] [DAO] Data loaded successfully.
[2025-12-27T15:34:43.905927] [INFO] [DAO] Data loaded successfully.
[2025-12-27T15:37:22.507711900] [INFO] System shutting down, data persisted.
[2025-12-27T15:49:55.463558] [INFO] [DAO] Data loaded successfully.
[2025-12-27T15:50:25.327850600] [INFO] [DAO] Data loaded successfully.
[2025-12-27T15:50:58.316569200] [INFO] System shutting down, data persisted.
[2025-12-27T15:51:03.068306800] [INFO] [DAO] Data loaded successfully.
[2025-12-27T15:51:10.121368400] [INFO] [DAO] Data loaded successfully.
[2025-12-27T15:51:42.803298500] [INFO] System shutting down, data persisted.
[2025-12-27T15:51:46.653329900] [INFO] [DAO] Data loaded successfully.
[2025-12-27T15:51:54.555122600] [INFO] [DAO] Data loaded successfully.
[2025-12-27T15:52:12.736854400] [INFO] System shutting down, data persisted.
[2025-12-27T15:52:16.705211200] [INFO] [DAO] Data loaded successfully.
[2025-12-27T15:52:23.313281600] [INFO] [DAO] Data loaded successfully.
[2025-12-27T15:52:36.251747200] [INFO] System shutting down, data persisted.
[2025-12-27T15:52:40.310005200] [INFO] [DAO] Data loaded successfully.
[2025-12-27T15:52:49.957421400] [INFO] [DAO] Data loaded successfully.
[2025-12-27T15:53:31.245077300] [INFO] System shutting down, data persisted.
[2025-12-27T16:36:49.378963400] [INFO] [DAO] Data loaded successfully.
[2025-12-27T16:37:00.713506600] [INFO] [DAO] Data loaded successfully.
[2025-12-27T16:37:15.533743] [INFO] System shutting down, data persisted.
[2025-12-27T16:39:17.546815100] [INFO] [DAO] Data loaded successfully.
[2025-12-27T16:39:25.378220100] [INFO] [DAO] Data loaded successfully.
[2025-12-27T16:40:00.690920800] [INFO] System shutting down, data persisted.
[2025-12-27T16:40:18.025528] [INFO] [DAO] Data loaded successfully.
[2025-12-27T16:40:24.819849500] [INFO] [DAO] Data loaded successfully.
[2025-12-27T16:44:13.193985800] [INFO] [DAO] Data loaded successfully.
[2025-12-27T16:44:38.627225200] [INFO] [DAO] Data loaded successfully.
[2025-12-27T16:45:23.786273400] [INFO] [DAO] Data loaded successfully.
[2025-12-27T16:45:37.497742900] [INFO] System shutting down, data persisted.
[2025-12-27T16:48:49.292030600] [INFO] [DAO] Data loaded successfully.
[2025-12-27T16:48:56.863953600] [INFO] [DAO] Data loaded successfully.
[2025-12-27T16:49:17.098062200] [INFO] System shutting down, data persisted.
[2025-12-27T16:50:09.587272700] [INFO] [DAO] Data loaded successfully.
[2025-12-27T16:50:20.319298100] [INFO] [DAO] Data loaded successfully.
[2025-12-27T16:55:47.444891600] [INFO] [DAO] Data loaded successfully.
[2025-12-27T16:55:54.546338700] [INFO] [DAO] Data loaded successfully.
[2025-12-27T16:56:15.407998100] [INFO] System shutting down, data persisted.
[2025-12-27T16:56:19.270891900] [INFO] [DAO] Data loaded successfully.
[2025-12-27T16:56:27.346084100] [INFO] [DAO] Data loaded successfully.
[2025-12-27T16:56:37.606704500] [INFO] System shutting down, data persisted.
[2025-12-27T16:58:33.185655300] [INFO] [DAO] Data loaded successfully.
[2025-12-27T16:59:21.099886900] [INFO] System shutting down, data persisted.
[2025-12-27T17:25:00.510458900] [INFO] [DAO] Data loaded successfully.
[2025-12-27T17:25:10.233209500] [INFO] [DAO] Data loaded successfully.
[2025-12-27T17:26:03.966604300] [INFO] System shutting down, data persisted.
[2025-12-27T17:26:08.178262100] [INFO] [DAO] Data loaded successfully.
[2025-12-27T17:26:16.851768] [INFO] [DAO] Data loaded successfully.
[2025-12-27T17:32:29.579099500] [INFO] [DAO] Data loaded successfully.
[2025-12-27T17:32:39.343563200] [INFO] [DAO] Data loaded successfully.
[2025-12-27T17:37:15.329991400] [INFO] System shutting down, data persisted.
[2025-12-27T17:43:35.768196100] [INFO] [DAO] Data loaded successfully.
[2025-12-27T17:43:46.704102400] [INFO] [DAO] Data loaded successfully.
[2025-12-27T17:46:34.430088700] [INFO] System shutting down, data persisted.
[2025-12-27T17:46:38.347977600] [INFO] [DAO] Data loaded successfully.
[2025-12-27T17:46:46.424861100] [INFO] [DAO] Data loaded successfully.
[2025-12-27T17:47:21.963117400] [INFO] System shutting down, data persisted.
[2025-12-27T17:49:48.266737] [INFO] [DAO] Data loaded successfully.
[2025-12-27T17:49:56.952703200] [INFO] [DAO] Data loaded successfully.
[2025-12-27T17:50:25.787060600] [INFO] System shutting down, data persisted.
[2025-12-27T17:57:03.589483500] [INFO] [DAO] Data loaded successfully.
[2025-12-27T18:08:19.388523800] [INFO] [DAO] Data loaded successfully.
[2025-12-27T18:09:37.685843600] [INFO] [DAO] Data loaded successfully.
[2025-12-27T18:09:48.198733300] [INFO] [DAO] Data loaded successfully.
[2025-12-27T18:10:24.555749300] [INFO] [DAO] Data loaded successfully.
[2025-12-27T18:13:46.432884900] [INFO] [DAO] Data loaded successfully.
[2025-12-27T18:14:00.358101300] [INFO] [DAO] Data loaded successfully.
[2025-12-27T18:14:53.374309200] [INFO] System shutting down, data persisted.
[2025-12-27T18:16:25.820825500] [INFO] [DAO] Data loaded successfully.
[2025-12-27T18:16:34.604344300] [INFO] [DAO] Data loaded successfully.
[2025-12-27T18:16:48.966498200] [INFO] [DAO] Data loaded successfully.
<<<<<<< HEAD
[2025-12-28T14:02:15.696297600] [ERROR] [DAO] Failed to load data: Failed making field 'java.time.LocalDateTime#date' accessible; either increase its visibility or write a custom TypeAdapter for its declaring type.
See https://github.com/google/gson/blob/main/Troubleshooting.md#reflection-inaccessible
[2025-12-28T14:03:15.334741400] [ERROR] [DAO] Failed to load data: Failed making field 'java.time.LocalDateTime#date' accessible; either increase its visibility or write a custom TypeAdapter for its declaring type.
See https://github.com/google/gson/blob/main/Troubleshooting.md#reflection-inaccessible
[2025-12-28T14:18:27.687908600] [INFO] [DAO] Data loaded successfully.
[2025-12-28T14:19:19.165653200] [INFO] [DAO] Data loaded successfully.
[2025-12-28T14:21:12.359826] [INFO] [DAO] Data loaded successfully.
[2025-12-28T14:21:27.597102100] [INFO] [DAO] Data loaded successfully.
[2025-12-28T14:25:52.804161800] [INFO] [DAO] Data loaded successfully.
[2025-12-28T14:26:04.231399600] [INFO] [DAO] Data loaded successfully.
[2025-12-28T14:26:42.927330600] [INFO] [DAO] Data loaded successfully.
[2025-12-28T14:26:57.311202700] [INFO] [DAO] Data loaded successfully.
[2025-12-28T14:27:09.460248500] [INFO] System shutting down, data persisted.
[2025-12-28T14:27:51.815758600] [INFO] System shutting down, data persisted.
[2025-12-28T14:27:52.335952600] [INFO] System shutting down, data persisted.
=======
[2025-12-28T20:17:15.909020500] [INFO] [DAO] Data loaded successfully.
[2025-12-28T20:17:31.938055] [INFO] [DAO] Data loaded successfully.
[2025-12-28T20:17:48.987402100] [INFO] System shutting down, data persisted.
>>>>>>> stash
[2025-12-28T20:37:56.905121400] [INFO] [DAO] Data loaded successfully.
[2025-12-28T20:38:04.975557500] [INFO] [DAO] Data loaded successfully.
[2025-12-28T20:40:03.619954900] [INFO] System shutting down, data persisted.
[2025-12-28T20:48:49.309205400] [INFO] [DAO] Data loaded successfully.
[2025-12-28T20:48:56.892140] [INFO] [DAO] Data loaded successfully.
[2025-12-28T20:49:33.380311800] [INFO] System shutting down, data persisted.
[2025-12-28T20:59:35.065862400] [INFO] [DAO] Data loaded successfully.
[2025-12-28T20:59:44.092748300] [INFO] [DAO] Data loaded successfully.
[2025-12-28T21:00:14.249765200] [INFO] System shutting down, data persisted.
[2025-12-28T21:06:14.530059800] [INFO] [DAO] Data loaded successfully.
[2025-12-28T21:06:38.416093400] [INFO] [DAO] Data loaded successfully.
[2025-12-28T21:14:02.291068800] [INFO] System shutting down, data persisted.
[2025-12-28T21:15:04.752915300] [INFO] [DAO] Data loaded successfully.
[2025-12-28T21:15:12.647011700] [INFO] [DAO] Data loaded successfully.
[2025-12-28T21:15:26.190510700] [INFO] [DAO] Data saved successfully.
[2025-12-28T21:15:26.203509800] [INFO] [DAO] Data saved successfully.
[2025-12-28T21:15:43.327588] [INFO] [DAO] Data saved successfully.
[2025-12-28T21:15:54.106809900] [INFO] [DAO] Data saved successfully.
[2025-12-28T21:16:02.597889600] [INFO] [DAO] Data saved successfully.
[2025-12-28T21:16:18.731682100] [INFO] [DAO] Data saved successfully.
[2025-12-28T21:16:48.718403200] [INFO] [DAO] Data saved successfully.
[2025-12-28T21:17:15.862858700] [INFO] [DAO] Data saved successfully.
[2025-12-28T21:22:31.412133] [INFO] [DAO] Data saved successfully.
[2025-12-28T21:22:31.412133] [INFO] System shutting down, data persisted.
[2025-12-28T21:23:11.308775300] [INFO] [DAO] Data loaded successfully.
[2025-12-28T21:23:17.305673900] [INFO] [DAO] Data loaded successfully.
[2025-12-28T21:23:27.304175200] [INFO] [DAO] Data saved successfully.
[2025-12-28T21:24:19.970587500] [INFO] [DAO] Data saved successfully.
[2025-12-28T21:24:31.993378800] [INFO] [DAO] Data saved successfully.
[2025-12-28T21:24:31.993378800] [INFO] System shutting down, data persisted.
[2025-12-28T21:25:37.076635800] [INFO] [DAO] Data loaded successfully.
[2025-12-28T21:25:45.693924200] [INFO] [DAO] Data loaded successfully.
[2025-12-28T21:25:53.247516100] [INFO] [DAO] Data saved successfully.
[2025-12-28T21:26:08.920814] [INFO] [DAO] Data saved successfully.
[2025-12-28T21:26:11.753731300] [INFO] [DAO] Data saved successfully.
[2025-12-28T21:26:11.754732900] [INFO] System shutting down, data persisted.
[2025-12-28T21:28:50.973189700] [INFO] [DAO] Data loaded successfully.
[2025-12-28T21:28:59.581335500] [INFO] [DAO] Data loaded successfully.
[2025-12-28T21:29:04.366366800] [INFO] [DAO] Data saved successfully.
[2025-12-28T21:29:24.592296800] [INFO] [DAO] Data saved successfully.
[2025-12-28T21:29:30.765100900] [INFO] [DAO] Data saved successfully.
[2025-12-28T21:29:45.792973100] [INFO] [DAO] Data saved successfully.
[2025-12-28T21:29:54.942376700] [INFO] [DAO] Data saved successfully.
[2025-12-28T21:30:37.427513800] [INFO] [DAO] Data saved successfully.
[2025-12-28T21:30:37.428514200] [INFO] System shutting down, data persisted.
